2026-04-10 18:52:49 [INFO]  Grader Started. Log file: /mnt/x/AI/CoPaw/data/workspaces/teaching-assistant/skills/ielts-reading-feedback/scripts/logs/2026-04-10_18-52-49.log
2026-04-10 18:52:49 [INFO] Grading student: /mnt/x/AI/CoPaw/data/workspaces/teaching-assistant/skills/ielts-reading-feedback/cache/3376/丁奕雯.json
2026-04-10 18:52:49 [INFO] Graded: 丁奕雯 | 19/40 (47.5%)
2026-04-10 18:52:49 [INFO]  Grader Started. Log file: /mnt/x/AI/CoPaw/data/workspaces/teaching-assistant/skills/ielts-reading-feedback/scripts/logs/2026-04-10_18-52-49.log
2026-04-10 18:52:49 [INFO] Grading student: /mnt/x/AI/CoPaw/data/workspaces/teaching-assistant/skills/ielts-reading-feedback/cache/3376/丁箫然.json
2026-04-10 18:52:49 [INFO] Graded: 丁箫然 | 7/40 (17.5%)
2026-04-10 18:52:49 [INFO]  Grader Started. Log file: /mnt/x/AI/CoPaw/data/workspaces/teaching-assistant/skills/ielts-reading-feedback/scripts/logs/2026-04-10_18-52-49.log
2026-04-10 18:52:49 [INFO] Grading student: /mnt/x/AI/CoPaw/data/workspaces/teaching-assistant/skills/ielts-reading-feedback/cache/3376/伊丽咪努尔.json
2026-04-10 18:52:49 [INFO] Graded: 伊丽咪努尔 | 17/40 (42.5%)
2026-04-10 18:52:49 [INFO]  Grader Started. Log file: /mnt/x/AI/CoPaw/data/workspaces/teaching-assistant/skills/ielts-reading-feedback/scripts/logs/2026-04-10_18-52-49.log
2026-04-10 18:52:49 [INFO] Grading student: /mnt/x/AI/CoPaw/data/workspaces/teaching-assistant/skills/ielts-reading-feedback/cache/3376/侯洁.json
2026-04-10 18:52:49 [INFO] Graded: 侯洁 | 11/40 (27.5%)
2026-04-10 18:52:49 [INFO]  Grader Started. Log file: /mnt/x/AI/CoPaw/data/workspaces/teaching-assistant/skills/ielts-reading-feedback/scripts/logs/2026-04-10_18-52-49.log
2026-04-10 18:52:49 [INFO] Grading student: /mnt/x/AI/CoPaw/data/workspaces/teaching-assistant/skills/ielts-reading-feedback/cache/3376/刘宇翔.json
2026-04-10 18:52:49 [INFO] Graded: 刘宇翔 | 7/40 (17.5%)
2026-04-10 18:52:49 [INFO]  Grader Started. Log file: /mnt/x/AI/CoPaw/data/workspaces/teaching-assistant/skills/ielts-reading-feedback/scripts/logs/2026-04-10_18-52-49.log
2026-04-10 18:52:49 [INFO] Grading student: /mnt/x/AI/CoPaw/data/workspaces/teaching-assistant/skills/ielts-reading-feedback/cache/3376/沃伦.json
2026-04-10 18:52:49 [INFO] Graded: 沃伦 | 26/40 (65.0%)
2026-04-10 18:52:49 [INFO]  Grader Started. Log file: /mnt/x/AI/CoPaw/data/workspaces/teaching-assistant/skills/ielts-reading-feedback/scripts/logs/2026-04-10_18-52-49.log
2026-04-10 18:52:49 [INFO] Grading student: /mnt/x/AI/CoPaw/data/workspaces/teaching-assistant/skills/ielts-reading-feedback/cache/3376/王曦悦.json
2026-04-10 18:52:49 [INFO] Graded: 王曦悦 | 16/40 (40.0%)
